29/10/2018 12:50 Called verifySig
29/10/2018 12:50 parseSigFile
29/10/2018 12:50 Called run_shell_cmd2 openssl pkcs7 -in "/home/andrey/www/htdocs/expert72/build/ФайлыЭЦП/Ошибки/Z-72-1-1-3-0068-18.pdf.der" -print_certs -inform DER -outform pem | awk '/BEGIN/ { i++; } /BEGIN/, /END/ { print > "/home/andrey/www/htdocs/expert72/build/ФайлыЭЦП/Ошибки/5bd6bbb98d669."i }'
29/10/2018 12:50 Called run_shell_cmd openssl x509 -subject_hash -issuer_hash -in "/home/andrey/www/htdocs/expert72/build/ФайлыЭЦП/Ошибки/5bd6bbb98d669.1" -noout
29/10/2018 12:50 Called run_shell_cmd openssl x509 -subject_hash -issuer_hash -in "/home/andrey/www/htdocs/expert72/build/ФайлыЭЦП/Ошибки/5bd6bbb98d669.10" -noout
29/10/2018 12:50 Called run_shell_cmd openssl x509 -subject_hash -issuer_hash -in "/home/andrey/www/htdocs/expert72/build/ФайлыЭЦП/Ошибки/5bd6bbb98d669.11" -noout
29/10/2018 12:50 Called run_shell_cmd openssl x509 -subject_hash -issuer_hash -in "/home/andrey/www/htdocs/expert72/build/ФайлыЭЦП/Ошибки/5bd6bbb98d669.12" -noout
29/10/2018 12:50 Called run_shell_cmd openssl x509 -subject_hash -issuer_hash -in "/home/andrey/www/htdocs/expert72/build/ФайлыЭЦП/Ошибки/5bd6bbb98d669.13" -noout
29/10/2018 12:50 Called run_shell_cmd openssl x509 -subject_hash -issuer_hash -in "/home/andrey/www/htdocs/expert72/build/ФайлыЭЦП/Ошибки/5bd6bbb98d669.14" -noout
29/10/2018 12:50 Called run_shell_cmd openssl x509 -subject_hash -issuer_hash -in "/home/andrey/www/htdocs/expert72/build/ФайлыЭЦП/Ошибки/5bd6bbb98d669.15" -noout
29/10/2018 12:50 Called run_shell_cmd openssl x509 -subject_hash -issuer_hash -in "/home/andrey/www/htdocs/expert72/build/ФайлыЭЦП/Ошибки/5bd6bbb98d669.16" -noout
29/10/2018 12:50 Called run_shell_cmd openssl x509 -subject_hash -issuer_hash -in "/home/andrey/www/htdocs/expert72/build/ФайлыЭЦП/Ошибки/5bd6bbb98d669.2" -noout
29/10/2018 12:50 Called run_shell_cmd openssl x509 -subject_hash -issuer_hash -in "/home/andrey/www/htdocs/expert72/build/ФайлыЭЦП/Ошибки/5bd6bbb98d669.3" -noout
29/10/2018 12:50 Called run_shell_cmd openssl x509 -subject_hash -issuer_hash -in "/home/andrey/www/htdocs/expert72/build/ФайлыЭЦП/Ошибки/5bd6bbb98d669.4" -noout
29/10/2018 12:50 Called run_shell_cmd openssl x509 -subject_hash -issuer_hash -in "/home/andrey/www/htdocs/expert72/build/ФайлыЭЦП/Ошибки/5bd6bbb98d669.5" -noout
29/10/2018 12:50 Called run_shell_cmd openssl x509 -subject_hash -issuer_hash -in "/home/andrey/www/htdocs/expert72/build/ФайлыЭЦП/Ошибки/5bd6bbb98d669.6" -noout
29/10/2018 12:50 Called run_shell_cmd openssl x509 -subject_hash -issuer_hash -in "/home/andrey/www/htdocs/expert72/build/ФайлыЭЦП/Ошибки/5bd6bbb98d669.7" -noout
29/10/2018 12:50 Called run_shell_cmd openssl x509 -subject_hash -issuer_hash -in "/home/andrey/www/htdocs/expert72/build/ФайлыЭЦП/Ошибки/5bd6bbb98d669.8" -noout
29/10/2018 12:50 Called run_shell_cmd openssl x509 -subject_hash -issuer_hash -in "/home/andrey/www/htdocs/expert72/build/ФайлыЭЦП/Ошибки/5bd6bbb98d669.9" -noout
29/10/2018 12:50 Found signer certificates:4
29/10/2018 12:50 Called run_shell_cmd openssl cms -inform der -in "/home/andrey/www/htdocs/expert72/build/ФайлыЭЦП/Ошибки/Z-72-1-1-3-0068-18.pdf.der" -noout -cmsout -print
29/10/2018 12:50 Parsing certificate file /home/andrey/www/htdocs/expert72/build/ФайлыЭЦП/Ошибки/5bd6bbb98d669.12
29/10/2018 12:50 Called run_shell_cmd openssl x509 -subject_hash -issuer_hash -dates -fingerprint -serial -ocsp_uri -text -in "/home/andrey/www/htdocs/expert72/build/ФайлыЭЦП/Ошибки/5bd6bbb98d669.12" -noout
29/10/2018 12:50 Called run_shell_cmd openssl x509 -subject -issuer -inform pem -in "/home/andrey/www/htdocs/expert72/build/ФайлыЭЦП/Ошибки/5bd6bbb98d669.12" -noout -nameopt multiline
29/10/2018 12:50 Need certificate for hash:9e757460
29/10/2018 12:50 OCSP checking http://ocsp.72to.ru/ocsp/ocsp.srf
29/10/2018 12:50 Called run_shell_cmd openssl ocsp -issuer "/home/andrey/www/htdocs/expert72/pki/9e757460.0" -cert "/home/andrey/www/htdocs/expert72/build/ФайлыЭЦП/Ошибки/5bd6bbb98d669.12" -url http://ocsp.72to.ru/ocsp/ocsp.srf
29/10/2018 12:50 Called run_shell_cmd openssl x509 -subject_hash -issuer_hash -dates -fingerprint -serial -ocsp_uri -text -in "/home/andrey/www/htdocs/expert72/pki/9e757460.0" -noout
29/10/2018 12:50 Called run_shell_cmd openssl x509 -subject -issuer -inform pem -in "/home/andrey/www/htdocs/expert72/pki/9e757460.0" -noout -nameopt multiline
29/10/2018 12:50 Need certificate for hash:4db0c08c
29/10/2018 12:50 OCSP checking Certificate:
29/10/2018 12:50 Called run_shell_cmd openssl ocsp -issuer "/home/andrey/www/htdocs/expert72/pki/4db0c08c.0" -cert "/home/andrey/www/htdocs/expert72/pki/9e757460.0" -url Certificate:
29/10/2018 12:50 Error parsing URL
OCSP utility
Usage ocsp [options]
where options are
-out file          output filename
-issuer file       issuer certificate
-cert file         certificate to check
-serial n          serial number to check
-signer file       certificate to sign OCSP request with
-signkey file      private key to sign OCSP request with
-sign_other file   additional certificates to include in signed request
-no_certs          don't include any certificates in signed request
-req_text          print text form of request
-resp_text         print text form of response
-text              print text form of request and response
-reqout file       write DER encoded OCSP request to "file"
-respout file      write DER encoded OCSP reponse to "file"
-reqin file        read DER encoded OCSP request from "file"
-respin file       read DER encoded OCSP reponse from "file"
-nonce             add OCSP nonce to request
-no_nonce          don't add OCSP nonce to request
-url URL           OCSP responder URL
-host host:n       send OCSP request to host on port n
-path              path to use in OCSP request
-CApath dir        trusted certificates directory
-CAfile file       trusted certificates file
-no_alt_chains     only ever use the first certificate chain found
-VAfile file       validator certificates file
-validity_period n maximum validity discrepancy in seconds
-status_age n      maximum status age in seconds
-noverify          don't verify response at all
-verify_other file additional certificates to search for signer
-trust_other       don't verify additional certificates
-no_intern         don't search certificates contained in response for signer
-no_signature_verify don't check signature on response
-no_cert_verify    don't check signing certificate
-no_chain          don't chain verify response
-no_cert_checks    don't do additional checks on signing certificate
-port num		 port to run responder on
-index file	 certificate status index file
-CA file		 CA certificate
-rsigner file	 responder certificate to sign responses with
-rkey file	 responder key to sign responses with
-rother file	 other certificates to include in response
-resp_no_certs     don't include any certificates in response
-nmin n	 	 number of minutes before next update
-ndays n	 	 number of days before next update
-resp_key_id       identify reponse by signing certificate key ID
-nrequest n        number of requests to accept (default unlimited)
-<dgst alg>     use specified digest in the request
3074057916:error:27072079:OCSP routines:OCSP_parse_url:error parsing url:ocsp_lib.c:254:

29/10/2018 12:50 Deleting der file /home/andrey/www/htdocs/expert72/build/ФайлыЭЦП/Ошибки/Z-72-1-1-3-0068-18.pdf.der
29/10/2018 12:53 Called verifySig
29/10/2018 12:53 parseSigFile
29/10/2018 12:53 Called run_shell_cmd2 openssl pkcs7 -in "/home/andrey/www/htdocs/expert72/build/ФайлыЭЦП/Ошибки/Z-72-1-1-3-0068-18.pdf.der" -print_certs -inform DER -outform pem | awk '/BEGIN/ { i++; } /BEGIN/, /END/ { print > "/home/andrey/www/htdocs/expert72/build/ФайлыЭЦП/Ошибки/5bd6bc7a4b582."i }'
29/10/2018 12:53 Called run_shell_cmd openssl x509 -subject_hash -issuer_hash -in "/home/andrey/www/htdocs/expert72/build/ФайлыЭЦП/Ошибки/5bd6bc7a4b582.1" -noout
29/10/2018 12:53 Called run_shell_cmd openssl x509 -subject_hash -issuer_hash -in "/home/andrey/www/htdocs/expert72/build/ФайлыЭЦП/Ошибки/5bd6bc7a4b582.10" -noout
29/10/2018 12:53 Called run_shell_cmd openssl x509 -subject_hash -issuer_hash -in "/home/andrey/www/htdocs/expert72/build/ФайлыЭЦП/Ошибки/5bd6bc7a4b582.11" -noout
29/10/2018 12:53 Called run_shell_cmd openssl x509 -subject_hash -issuer_hash -in "/home/andrey/www/htdocs/expert72/build/ФайлыЭЦП/Ошибки/5bd6bc7a4b582.12" -noout
29/10/2018 12:53 Called run_shell_cmd openssl x509 -subject_hash -issuer_hash -in "/home/andrey/www/htdocs/expert72/build/ФайлыЭЦП/Ошибки/5bd6bc7a4b582.13" -noout
29/10/2018 12:53 Called run_shell_cmd openssl x509 -subject_hash -issuer_hash -in "/home/andrey/www/htdocs/expert72/build/ФайлыЭЦП/Ошибки/5bd6bc7a4b582.14" -noout
29/10/2018 12:53 Called run_shell_cmd openssl x509 -subject_hash -issuer_hash -in "/home/andrey/www/htdocs/expert72/build/ФайлыЭЦП/Ошибки/5bd6bc7a4b582.15" -noout
29/10/2018 12:53 Called run_shell_cmd openssl x509 -subject_hash -issuer_hash -in "/home/andrey/www/htdocs/expert72/build/ФайлыЭЦП/Ошибки/5bd6bc7a4b582.16" -noout
29/10/2018 12:53 Called run_shell_cmd openssl x509 -subject_hash -issuer_hash -in "/home/andrey/www/htdocs/expert72/build/ФайлыЭЦП/Ошибки/5bd6bc7a4b582.2" -noout
29/10/2018 12:53 Called run_shell_cmd openssl x509 -subject_hash -issuer_hash -in "/home/andrey/www/htdocs/expert72/build/ФайлыЭЦП/Ошибки/5bd6bc7a4b582.3" -noout
29/10/2018 12:53 Called run_shell_cmd openssl x509 -subject_hash -issuer_hash -in "/home/andrey/www/htdocs/expert72/build/ФайлыЭЦП/Ошибки/5bd6bc7a4b582.4" -noout
29/10/2018 12:53 Called run_shell_cmd openssl x509 -subject_hash -issuer_hash -in "/home/andrey/www/htdocs/expert72/build/ФайлыЭЦП/Ошибки/5bd6bc7a4b582.5" -noout
29/10/2018 12:53 Called run_shell_cmd openssl x509 -subject_hash -issuer_hash -in "/home/andrey/www/htdocs/expert72/build/ФайлыЭЦП/Ошибки/5bd6bc7a4b582.6" -noout
29/10/2018 12:53 Called run_shell_cmd openssl x509 -subject_hash -issuer_hash -in "/home/andrey/www/htdocs/expert72/build/ФайлыЭЦП/Ошибки/5bd6bc7a4b582.7" -noout
29/10/2018 12:53 Called run_shell_cmd openssl x509 -subject_hash -issuer_hash -in "/home/andrey/www/htdocs/expert72/build/ФайлыЭЦП/Ошибки/5bd6bc7a4b582.8" -noout
29/10/2018 12:53 Called run_shell_cmd openssl x509 -subject_hash -issuer_hash -in "/home/andrey/www/htdocs/expert72/build/ФайлыЭЦП/Ошибки/5bd6bc7a4b582.9" -noout
29/10/2018 12:53 Found signer certificates:4
29/10/2018 12:53 Called run_shell_cmd openssl cms -inform der -in "/home/andrey/www/htdocs/expert72/build/ФайлыЭЦП/Ошибки/Z-72-1-1-3-0068-18.pdf.der" -noout -cmsout -print
29/10/2018 12:53 Parsing certificate file /home/andrey/www/htdocs/expert72/build/ФайлыЭЦП/Ошибки/5bd6bc7a4b582.12
29/10/2018 12:53 Called run_shell_cmd openssl x509 -subject_hash -issuer_hash -dates -fingerprint -serial -ocsp_uri -text -in "/home/andrey/www/htdocs/expert72/build/ФайлыЭЦП/Ошибки/5bd6bc7a4b582.12" -noout
29/10/2018 12:53 Called run_shell_cmd openssl x509 -subject -issuer -inform pem -in "/home/andrey/www/htdocs/expert72/build/ФайлыЭЦП/Ошибки/5bd6bc7a4b582.12" -noout -nameopt multiline
29/10/2018 12:53 Need certificate for hash:9e757460
29/10/2018 12:53 Deleting der file /home/andrey/www/htdocs/expert72/build/ФайлыЭЦП/Ошибки/Z-72-1-1-3-0068-18.pdf.der
29/10/2018 12:54 Called verifySig
29/10/2018 12:54 parseSigFile
29/10/2018 12:54 Called run_shell_cmd2 openssl pkcs7 -in "/home/andrey/www/htdocs/expert72/build/ФайлыЭЦП/Ошибки/Z-72-1-1-3-0068-18.pdf.der" -print_certs -inform DER -outform pem | awk '/BEGIN/ { i++; } /BEGIN/, /END/ { print > "/home/andrey/www/htdocs/expert72/build/ФайлыЭЦП/Ошибки/5bd6bca1d832d."i }'
29/10/2018 12:54 Called run_shell_cmd openssl x509 -subject_hash -issuer_hash -in "/home/andrey/www/htdocs/expert72/build/ФайлыЭЦП/Ошибки/5bd6bca1d832d.1" -noout
29/10/2018 12:54 Called run_shell_cmd openssl x509 -subject_hash -issuer_hash -in "/home/andrey/www/htdocs/expert72/build/ФайлыЭЦП/Ошибки/5bd6bca1d832d.10" -noout
29/10/2018 12:54 Called run_shell_cmd openssl x509 -subject_hash -issuer_hash -in "/home/andrey/www/htdocs/expert72/build/ФайлыЭЦП/Ошибки/5bd6bca1d832d.11" -noout
29/10/2018 12:54 Called run_shell_cmd openssl x509 -subject_hash -issuer_hash -in "/home/andrey/www/htdocs/expert72/build/ФайлыЭЦП/Ошибки/5bd6bca1d832d.12" -noout
29/10/2018 12:54 Called run_shell_cmd openssl x509 -subject_hash -issuer_hash -in "/home/andrey/www/htdocs/expert72/build/ФайлыЭЦП/Ошибки/5bd6bca1d832d.13" -noout
29/10/2018 12:54 Called run_shell_cmd openssl x509 -subject_hash -issuer_hash -in "/home/andrey/www/htdocs/expert72/build/ФайлыЭЦП/Ошибки/5bd6bca1d832d.14" -noout
29/10/2018 12:54 Called run_shell_cmd openssl x509 -subject_hash -issuer_hash -in "/home/andrey/www/htdocs/expert72/build/ФайлыЭЦП/Ошибки/5bd6bca1d832d.15" -noout
29/10/2018 12:54 Called run_shell_cmd openssl x509 -subject_hash -issuer_hash -in "/home/andrey/www/htdocs/expert72/build/ФайлыЭЦП/Ошибки/5bd6bca1d832d.16" -noout
29/10/2018 12:54 Called run_shell_cmd openssl x509 -subject_hash -issuer_hash -in "/home/andrey/www/htdocs/expert72/build/ФайлыЭЦП/Ошибки/5bd6bca1d832d.2" -noout
29/10/2018 12:54 Called run_shell_cmd openssl x509 -subject_hash -issuer_hash -in "/home/andrey/www/htdocs/expert72/build/ФайлыЭЦП/Ошибки/5bd6bca1d832d.3" -noout
29/10/2018 12:54 Called run_shell_cmd openssl x509 -subject_hash -issuer_hash -in "/home/andrey/www/htdocs/expert72/build/ФайлыЭЦП/Ошибки/5bd6bca1d832d.4" -noout
29/10/2018 12:54 Called run_shell_cmd openssl x509 -subject_hash -issuer_hash -in "/home/andrey/www/htdocs/expert72/build/ФайлыЭЦП/Ошибки/5bd6bca1d832d.5" -noout
29/10/2018 12:54 Called run_shell_cmd openssl x509 -subject_hash -issuer_hash -in "/home/andrey/www/htdocs/expert72/build/ФайлыЭЦП/Ошибки/5bd6bca1d832d.6" -noout
29/10/2018 12:54 Called run_shell_cmd openssl x509 -subject_hash -issuer_hash -in "/home/andrey/www/htdocs/expert72/build/ФайлыЭЦП/Ошибки/5bd6bca1d832d.7" -noout
29/10/2018 12:54 Called run_shell_cmd openssl x509 -subject_hash -issuer_hash -in "/home/andrey/www/htdocs/expert72/build/ФайлыЭЦП/Ошибки/5bd6bca1d832d.8" -noout
29/10/2018 12:54 Called run_shell_cmd openssl x509 -subject_hash -issuer_hash -in "/home/andrey/www/htdocs/expert72/build/ФайлыЭЦП/Ошибки/5bd6bca1d832d.9" -noout
29/10/2018 12:54 Found signer certificates:4
29/10/2018 12:54 Called run_shell_cmd openssl cms -inform der -in "/home/andrey/www/htdocs/expert72/build/ФайлыЭЦП/Ошибки/Z-72-1-1-3-0068-18.pdf.der" -noout -cmsout -print
29/10/2018 12:54 Parsing certificate file /home/andrey/www/htdocs/expert72/build/ФайлыЭЦП/Ошибки/5bd6bca1d832d.12
29/10/2018 12:54 Called run_shell_cmd openssl x509 -subject_hash -issuer_hash -dates -fingerprint -serial -ocsp_uri -text -in "/home/andrey/www/htdocs/expert72/build/ФайлыЭЦП/Ошибки/5bd6bca1d832d.12" -noout
29/10/2018 12:54 Called run_shell_cmd openssl x509 -subject -issuer -inform pem -in "/home/andrey/www/htdocs/expert72/build/ФайлыЭЦП/Ошибки/5bd6bca1d832d.12" -noout -nameopt multiline
29/10/2018 12:54 Need certificate for hash:9e757460
29/10/2018 12:54 Looking for CRL file /home/andrey/www/htdocs/expert72/pki/9e757460.r0
29/10/2018 12:54 Called run_shell_cmd openssl x509 -subject_hash -issuer_hash -dates -fingerprint -serial -ocsp_uri -text -in "/home/andrey/www/htdocs/expert72/pki/9e757460.0" -noout
29/10/2018 12:54 Called run_shell_cmd openssl x509 -subject -issuer -inform pem -in "/home/andrey/www/htdocs/expert72/pki/9e757460.0" -noout -nameopt multiline
29/10/2018 12:54 Need certificate for hash:4db0c08c
29/10/2018 12:54 Looking for CRL file /home/andrey/www/htdocs/expert72/pki/4db0c08c.r0
29/10/2018 12:54 Called run_shell_cmd openssl x509 -subject_hash -issuer_hash -dates -fingerprint -serial -ocsp_uri -text -in "/home/andrey/www/htdocs/expert72/pki/4db0c08c.0" -noout
29/10/2018 12:54 Called run_shell_cmd openssl x509 -subject -issuer -inform pem -in "/home/andrey/www/htdocs/expert72/pki/4db0c08c.0" -noout -nameopt multiline
29/10/2018 12:54 Need certificate for hash:34fa2b3d
29/10/2018 12:54 Looking for CRL file /home/andrey/www/htdocs/expert72/pki/34fa2b3d.r0
29/10/2018 12:54 Called run_shell_cmd openssl x509 -subject_hash -issuer_hash -dates -fingerprint -serial -ocsp_uri -text -in "/home/andrey/www/htdocs/expert72/pki/34fa2b3d.0" -noout
29/10/2018 12:54 Called run_shell_cmd openssl x509 -subject -issuer -inform pem -in "/home/andrey/www/htdocs/expert72/pki/34fa2b3d.0" -noout -nameopt multiline
29/10/2018 12:54 Parsing certificate file /home/andrey/www/htdocs/expert72/build/ФайлыЭЦП/Ошибки/5bd6bca1d832d.16
29/10/2018 12:54 Called run_shell_cmd openssl x509 -subject_hash -issuer_hash -dates -fingerprint -serial -ocsp_uri -text -in "/home/andrey/www/htdocs/expert72/build/ФайлыЭЦП/Ошибки/5bd6bca1d832d.16" -noout
29/10/2018 12:54 Called run_shell_cmd openssl x509 -subject -issuer -inform pem -in "/home/andrey/www/htdocs/expert72/build/ФайлыЭЦП/Ошибки/5bd6bca1d832d.16" -noout -nameopt multiline
29/10/2018 12:54 Need certificate for hash:9e757460
29/10/2018 12:54 Looking for CRL file /home/andrey/www/htdocs/expert72/pki/9e757460.r0
29/10/2018 12:54 Called run_shell_cmd openssl x509 -subject_hash -issuer_hash -dates -fingerprint -serial -ocsp_uri -text -in "/home/andrey/www/htdocs/expert72/pki/9e757460.0" -noout
29/10/2018 12:54 Called run_shell_cmd openssl x509 -subject -issuer -inform pem -in "/home/andrey/www/htdocs/expert72/pki/9e757460.0" -noout -nameopt multiline
29/10/2018 12:54 Need certificate for hash:4db0c08c
29/10/2018 12:54 Looking for CRL file /home/andrey/www/htdocs/expert72/pki/4db0c08c.r0
29/10/2018 12:54 Called run_shell_cmd openssl x509 -subject_hash -issuer_hash -dates -fingerprint -serial -ocsp_uri -text -in "/home/andrey/www/htdocs/expert72/pki/4db0c08c.0" -noout
29/10/2018 12:54 Called run_shell_cmd openssl x509 -subject -issuer -inform pem -in "/home/andrey/www/htdocs/expert72/pki/4db0c08c.0" -noout -nameopt multiline
29/10/2018 12:54 Need certificate for hash:34fa2b3d
29/10/2018 12:54 Looking for CRL file /home/andrey/www/htdocs/expert72/pki/34fa2b3d.r0
29/10/2018 12:54 Called run_shell_cmd openssl x509 -subject_hash -issuer_hash -dates -fingerprint -serial -ocsp_uri -text -in "/home/andrey/www/htdocs/expert72/pki/34fa2b3d.0" -noout
29/10/2018 12:54 Called run_shell_cmd openssl x509 -subject -issuer -inform pem -in "/home/andrey/www/htdocs/expert72/pki/34fa2b3d.0" -noout -nameopt multiline
29/10/2018 12:54 Parsing certificate file /home/andrey/www/htdocs/expert72/build/ФайлыЭЦП/Ошибки/5bd6bca1d832d.4
29/10/2018 12:54 Called run_shell_cmd openssl x509 -subject_hash -issuer_hash -dates -fingerprint -serial -ocsp_uri -text -in "/home/andrey/www/htdocs/expert72/build/ФайлыЭЦП/Ошибки/5bd6bca1d832d.4" -noout
29/10/2018 12:54 Called run_shell_cmd openssl x509 -subject -issuer -inform pem -in "/home/andrey/www/htdocs/expert72/build/ФайлыЭЦП/Ошибки/5bd6bca1d832d.4" -noout -nameopt multiline
29/10/2018 12:54 Need certificate for hash:9e757460
29/10/2018 12:54 Looking for CRL file /home/andrey/www/htdocs/expert72/pki/9e757460.r0
29/10/2018 12:54 Called run_shell_cmd openssl x509 -subject_hash -issuer_hash -dates -fingerprint -serial -ocsp_uri -text -in "/home/andrey/www/htdocs/expert72/pki/9e757460.0" -noout
29/10/2018 12:54 Called run_shell_cmd openssl x509 -subject -issuer -inform pem -in "/home/andrey/www/htdocs/expert72/pki/9e757460.0" -noout -nameopt multiline
29/10/2018 12:54 Need certificate for hash:4db0c08c
29/10/2018 12:54 Looking for CRL file /home/andrey/www/htdocs/expert72/pki/4db0c08c.r0
29/10/2018 12:54 Called run_shell_cmd openssl x509 -subject_hash -issuer_hash -dates -fingerprint -serial -ocsp_uri -text -in "/home/andrey/www/htdocs/expert72/pki/4db0c08c.0" -noout
29/10/2018 12:54 Called run_shell_cmd openssl x509 -subject -issuer -inform pem -in "/home/andrey/www/htdocs/expert72/pki/4db0c08c.0" -noout -nameopt multiline
29/10/2018 12:54 Need certificate for hash:34fa2b3d
29/10/2018 12:54 Looking for CRL file /home/andrey/www/htdocs/expert72/pki/34fa2b3d.r0
29/10/2018 12:54 Called run_shell_cmd openssl x509 -subject_hash -issuer_hash -dates -fingerprint -serial -ocsp_uri -text -in "/home/andrey/www/htdocs/expert72/pki/34fa2b3d.0" -noout
29/10/2018 12:54 Called run_shell_cmd openssl x509 -subject -issuer -inform pem -in "/home/andrey/www/htdocs/expert72/pki/34fa2b3d.0" -noout -nameopt multiline
29/10/2018 12:54 Parsing certificate file /home/andrey/www/htdocs/expert72/build/ФайлыЭЦП/Ошибки/5bd6bca1d832d.8
29/10/2018 12:54 Called run_shell_cmd openssl x509 -subject_hash -issuer_hash -dates -fingerprint -serial -ocsp_uri -text -in "/home/andrey/www/htdocs/expert72/build/ФайлыЭЦП/Ошибки/5bd6bca1d832d.8" -noout
29/10/2018 12:54 Called run_shell_cmd openssl x509 -subject -issuer -inform pem -in "/home/andrey/www/htdocs/expert72/build/ФайлыЭЦП/Ошибки/5bd6bca1d832d.8" -noout -nameopt multiline
29/10/2018 12:54 Need certificate for hash:9e757460
29/10/2018 12:54 Looking for CRL file /home/andrey/www/htdocs/expert72/pki/9e757460.r0
29/10/2018 12:54 Called run_shell_cmd openssl x509 -subject_hash -issuer_hash -dates -fingerprint -serial -ocsp_uri -text -in "/home/andrey/www/htdocs/expert72/pki/9e757460.0" -noout
29/10/2018 12:54 Called run_shell_cmd openssl x509 -subject -issuer -inform pem -in "/home/andrey/www/htdocs/expert72/pki/9e757460.0" -noout -nameopt multiline
29/10/2018 12:54 Need certificate for hash:4db0c08c
29/10/2018 12:54 Looking for CRL file /home/andrey/www/htdocs/expert72/pki/4db0c08c.r0
29/10/2018 12:54 Called run_shell_cmd openssl x509 -subject_hash -issuer_hash -dates -fingerprint -serial -ocsp_uri -text -in "/home/andrey/www/htdocs/expert72/pki/4db0c08c.0" -noout
29/10/2018 12:54 Called run_shell_cmd openssl x509 -subject -issuer -inform pem -in "/home/andrey/www/htdocs/expert72/pki/4db0c08c.0" -noout -nameopt multiline
29/10/2018 12:54 Need certificate for hash:34fa2b3d
29/10/2018 12:54 Looking for CRL file /home/andrey/www/htdocs/expert72/pki/34fa2b3d.r0
29/10/2018 12:54 Called run_shell_cmd openssl x509 -subject_hash -issuer_hash -dates -fingerprint -serial -ocsp_uri -text -in "/home/andrey/www/htdocs/expert72/pki/34fa2b3d.0" -noout
29/10/2018 12:54 Called run_shell_cmd openssl x509 -subject -issuer -inform pem -in "/home/andrey/www/htdocs/expert72/pki/34fa2b3d.0" -noout -nameopt multiline
29/10/2018 12:54 Called run_shell_cmd openssl smime -verify -content "/home/andrey/www/htdocs/expert72/build/ФайлыЭЦП/Ошибки/Z-72-1-1-3-0068-18.pdf" -purpose any -out /dev/null -inform der -in "/home/andrey/www/htdocs/expert72/build/ФайлыЭЦП/Ошибки/Z-72-1-1-3-0068-18.pdf.der" -CApath "/home/andrey/www/htdocs/expert72/pki/"
29/10/2018 12:54 Deleting der file /home/andrey/www/htdocs/expert72/build/ФайлыЭЦП/Ошибки/Z-72-1-1-3-0068-18.pdf.der
29/10/2018 12:56 Called verifySig
29/10/2018 12:56 parseSigFile
29/10/2018 12:56 Called run_shell_cmd2 openssl pkcs7 -in "/home/andrey/www/htdocs/expert72/build/ФайлыЭЦП/Ошибки/Z-72-1-1-3-0068-18.pdf.der" -print_certs -inform DER -outform pem | awk '/BEGIN/ { i++; } /BEGIN/, /END/ { print > "/home/andrey/www/htdocs/expert72/build/ФайлыЭЦП/Ошибки/5bd6bd2ebc46f."i }'
29/10/2018 12:56 Called run_shell_cmd openssl x509 -subject_hash -issuer_hash -in "/home/andrey/www/htdocs/expert72/build/ФайлыЭЦП/Ошибки/5bd6bd2ebc46f.1" -noout
29/10/2018 12:56 Called run_shell_cmd openssl x509 -subject_hash -issuer_hash -in "/home/andrey/www/htdocs/expert72/build/ФайлыЭЦП/Ошибки/5bd6bd2ebc46f.10" -noout
29/10/2018 12:56 Called run_shell_cmd openssl x509 -subject_hash -issuer_hash -in "/home/andrey/www/htdocs/expert72/build/ФайлыЭЦП/Ошибки/5bd6bd2ebc46f.11" -noout
29/10/2018 12:56 Called run_shell_cmd openssl x509 -subject_hash -issuer_hash -in "/home/andrey/www/htdocs/expert72/build/ФайлыЭЦП/Ошибки/5bd6bd2ebc46f.12" -noout
29/10/2018 12:56 Called run_shell_cmd openssl x509 -subject_hash -issuer_hash -in "/home/andrey/www/htdocs/expert72/build/ФайлыЭЦП/Ошибки/5bd6bd2ebc46f.13" -noout
29/10/2018 12:56 Called run_shell_cmd openssl x509 -subject_hash -issuer_hash -in "/home/andrey/www/htdocs/expert72/build/ФайлыЭЦП/Ошибки/5bd6bd2ebc46f.14" -noout
29/10/2018 12:56 Called run_shell_cmd openssl x509 -subject_hash -issuer_hash -in "/home/andrey/www/htdocs/expert72/build/ФайлыЭЦП/Ошибки/5bd6bd2ebc46f.15" -noout
29/10/2018 12:56 Called run_shell_cmd openssl x509 -subject_hash -issuer_hash -in "/home/andrey/www/htdocs/expert72/build/ФайлыЭЦП/Ошибки/5bd6bd2ebc46f.16" -noout
29/10/2018 12:56 Called run_shell_cmd openssl x509 -subject_hash -issuer_hash -in "/home/andrey/www/htdocs/expert72/build/ФайлыЭЦП/Ошибки/5bd6bd2ebc46f.2" -noout
29/10/2018 12:56 Called run_shell_cmd openssl x509 -subject_hash -issuer_hash -in "/home/andrey/www/htdocs/expert72/build/ФайлыЭЦП/Ошибки/5bd6bd2ebc46f.3" -noout
29/10/2018 12:56 Called run_shell_cmd openssl x509 -subject_hash -issuer_hash -in "/home/andrey/www/htdocs/expert72/build/ФайлыЭЦП/Ошибки/5bd6bd2ebc46f.4" -noout
29/10/2018 12:56 Called run_shell_cmd openssl x509 -subject_hash -issuer_hash -in "/home/andrey/www/htdocs/expert72/build/ФайлыЭЦП/Ошибки/5bd6bd2ebc46f.5" -noout
29/10/2018 12:56 Called run_shell_cmd openssl x509 -subject_hash -issuer_hash -in "/home/andrey/www/htdocs/expert72/build/ФайлыЭЦП/Ошибки/5bd6bd2ebc46f.6" -noout
29/10/2018 12:56 Called run_shell_cmd openssl x509 -subject_hash -issuer_hash -in "/home/andrey/www/htdocs/expert72/build/ФайлыЭЦП/Ошибки/5bd6bd2ebc46f.7" -noout
29/10/2018 12:56 Called run_shell_cmd openssl x509 -subject_hash -issuer_hash -in "/home/andrey/www/htdocs/expert72/build/ФайлыЭЦП/Ошибки/5bd6bd2ebc46f.8" -noout
29/10/2018 12:56 Called run_shell_cmd openssl x509 -subject_hash -issuer_hash -in "/home/andrey/www/htdocs/expert72/build/ФайлыЭЦП/Ошибки/5bd6bd2ebc46f.9" -noout
29/10/2018 12:56 Found signer certificates:4
29/10/2018 12:56 Called run_shell_cmd openssl cms -inform der -in "/home/andrey/www/htdocs/expert72/build/ФайлыЭЦП/Ошибки/Z-72-1-1-3-0068-18.pdf.der" -noout -cmsout -print
29/10/2018 12:56 Parsing certificate file /home/andrey/www/htdocs/expert72/build/ФайлыЭЦП/Ошибки/5bd6bd2ebc46f.12
29/10/2018 12:56 Called run_shell_cmd openssl x509 -subject_hash -issuer_hash -dates -fingerprint -serial -ocsp_uri -text -in "/home/andrey/www/htdocs/expert72/build/ФайлыЭЦП/Ошибки/5bd6bd2ebc46f.12" -noout
29/10/2018 12:56 Called run_shell_cmd openssl x509 -subject -issuer -inform pem -in "/home/andrey/www/htdocs/expert72/build/ФайлыЭЦП/Ошибки/5bd6bd2ebc46f.12" -noout -nameopt multiline
29/10/2018 12:56 Need certificate for hash:9e757460
29/10/2018 12:56 OCSP checking http://ocsp.72to.ru/ocsp/ocsp.srf
29/10/2018 12:56 Called run_shell_cmd openssl ocsp -issuer "/home/andrey/www/htdocs/expert72/pki/9e757460.0" -cert "/home/andrey/www/htdocs/expert72/build/ФайлыЭЦП/Ошибки/5bd6bd2ebc46f.12" -url http://ocsp.72to.ru/ocsp/ocsp.srf
29/10/2018 12:56 Called run_shell_cmd openssl x509 -subject_hash -issuer_hash -dates -fingerprint -serial -ocsp_uri -text -in "/home/andrey/www/htdocs/expert72/pki/9e757460.0" -noout
29/10/2018 12:56 Called run_shell_cmd openssl x509 -subject -issuer -inform pem -in "/home/andrey/www/htdocs/expert72/pki/9e757460.0" -noout -nameopt multiline
29/10/2018 12:56 Need certificate for hash:4db0c08c
29/10/2018 12:56 Looking for CRL file /home/andrey/www/htdocs/expert72/pki/4db0c08c.r0
29/10/2018 12:56 Called run_shell_cmd openssl x509 -subject_hash -issuer_hash -dates -fingerprint -serial -ocsp_uri -text -in "/home/andrey/www/htdocs/expert72/pki/4db0c08c.0" -noout
29/10/2018 12:56 Called run_shell_cmd openssl x509 -subject -issuer -inform pem -in "/home/andrey/www/htdocs/expert72/pki/4db0c08c.0" -noout -nameopt multiline
29/10/2018 12:56 Need certificate for hash:34fa2b3d
29/10/2018 12:56 Looking for CRL file /home/andrey/www/htdocs/expert72/pki/34fa2b3d.r0
29/10/2018 12:56 Called run_shell_cmd openssl x509 -subject_hash -issuer_hash -dates -fingerprint -serial -ocsp_uri -text -in "/home/andrey/www/htdocs/expert72/pki/34fa2b3d.0" -noout
29/10/2018 12:56 Called run_shell_cmd openssl x509 -subject -issuer -inform pem -in "/home/andrey/www/htdocs/expert72/pki/34fa2b3d.0" -noout -nameopt multiline
29/10/2018 12:56 Parsing certificate file /home/andrey/www/htdocs/expert72/build/ФайлыЭЦП/Ошибки/5bd6bd2ebc46f.16
29/10/2018 12:56 Called run_shell_cmd openssl x509 -subject_hash -issuer_hash -dates -fingerprint -serial -ocsp_uri -text -in "/home/andrey/www/htdocs/expert72/build/ФайлыЭЦП/Ошибки/5bd6bd2ebc46f.16" -noout
29/10/2018 12:56 Called run_shell_cmd openssl x509 -subject -issuer -inform pem -in "/home/andrey/www/htdocs/expert72/build/ФайлыЭЦП/Ошибки/5bd6bd2ebc46f.16" -noout -nameopt multiline
29/10/2018 12:56 Need certificate for hash:9e757460
29/10/2018 12:56 OCSP checking http://ocsp.72to.ru/ocsp/ocsp.srf
29/10/2018 12:56 Called run_shell_cmd openssl ocsp -issuer "/home/andrey/www/htdocs/expert72/pki/9e757460.0" -cert "/home/andrey/www/htdocs/expert72/build/ФайлыЭЦП/Ошибки/5bd6bd2ebc46f.16" -url http://ocsp.72to.ru/ocsp/ocsp.srf
29/10/2018 12:56 Called run_shell_cmd openssl x509 -subject_hash -issuer_hash -dates -fingerprint -serial -ocsp_uri -text -in "/home/andrey/www/htdocs/expert72/pki/9e757460.0" -noout
29/10/2018 12:56 Called run_shell_cmd openssl x509 -subject -issuer -inform pem -in "/home/andrey/www/htdocs/expert72/pki/9e757460.0" -noout -nameopt multiline
29/10/2018 12:56 Need certificate for hash:4db0c08c
29/10/2018 12:56 Looking for CRL file /home/andrey/www/htdocs/expert72/pki/4db0c08c.r0
29/10/2018 12:56 Called run_shell_cmd openssl x509 -subject_hash -issuer_hash -dates -fingerprint -serial -ocsp_uri -text -in "/home/andrey/www/htdocs/expert72/pki/4db0c08c.0" -noout
29/10/2018 12:56 Called run_shell_cmd openssl x509 -subject -issuer -inform pem -in "/home/andrey/www/htdocs/expert72/pki/4db0c08c.0" -noout -nameopt multiline
29/10/2018 12:56 Need certificate for hash:34fa2b3d
29/10/2018 12:56 Looking for CRL file /home/andrey/www/htdocs/expert72/pki/34fa2b3d.r0
29/10/2018 12:56 Called run_shell_cmd openssl x509 -subject_hash -issuer_hash -dates -fingerprint -serial -ocsp_uri -text -in "/home/andrey/www/htdocs/expert72/pki/34fa2b3d.0" -noout
29/10/2018 12:56 Called run_shell_cmd openssl x509 -subject -issuer -inform pem -in "/home/andrey/www/htdocs/expert72/pki/34fa2b3d.0" -noout -nameopt multiline
29/10/2018 12:56 Parsing certificate file /home/andrey/www/htdocs/expert72/build/ФайлыЭЦП/Ошибки/5bd6bd2ebc46f.4
29/10/2018 12:56 Called run_shell_cmd openssl x509 -subject_hash -issuer_hash -dates -fingerprint -serial -ocsp_uri -text -in "/home/andrey/www/htdocs/expert72/build/ФайлыЭЦП/Ошибки/5bd6bd2ebc46f.4" -noout
29/10/2018 12:56 Called run_shell_cmd openssl x509 -subject -issuer -inform pem -in "/home/andrey/www/htdocs/expert72/build/ФайлыЭЦП/Ошибки/5bd6bd2ebc46f.4" -noout -nameopt multiline
29/10/2018 12:56 Need certificate for hash:9e757460
29/10/2018 12:56 OCSP checking http://ocsp.72to.ru/ocsp/ocsp.srf
29/10/2018 12:56 Called run_shell_cmd openssl ocsp -issuer "/home/andrey/www/htdocs/expert72/pki/9e757460.0" -cert "/home/andrey/www/htdocs/expert72/build/ФайлыЭЦП/Ошибки/5bd6bd2ebc46f.4" -url http://ocsp.72to.ru/ocsp/ocsp.srf
29/10/2018 12:56 Called run_shell_cmd openssl x509 -subject_hash -issuer_hash -dates -fingerprint -serial -ocsp_uri -text -in "/home/andrey/www/htdocs/expert72/pki/9e757460.0" -noout
29/10/2018 12:56 Called run_shell_cmd openssl x509 -subject -issuer -inform pem -in "/home/andrey/www/htdocs/expert72/pki/9e757460.0" -noout -nameopt multiline
29/10/2018 12:56 Need certificate for hash:4db0c08c
29/10/2018 12:56 Looking for CRL file /home/andrey/www/htdocs/expert72/pki/4db0c08c.r0
29/10/2018 12:56 Called run_shell_cmd openssl x509 -subject_hash -issuer_hash -dates -fingerprint -serial -ocsp_uri -text -in "/home/andrey/www/htdocs/expert72/pki/4db0c08c.0" -noout
29/10/2018 12:56 Called run_shell_cmd openssl x509 -subject -issuer -inform pem -in "/home/andrey/www/htdocs/expert72/pki/4db0c08c.0" -noout -nameopt multiline
29/10/2018 12:56 Need certificate for hash:34fa2b3d
29/10/2018 12:56 Looking for CRL file /home/andrey/www/htdocs/expert72/pki/34fa2b3d.r0
29/10/2018 12:56 Called run_shell_cmd openssl x509 -subject_hash -issuer_hash -dates -fingerprint -serial -ocsp_uri -text -in "/home/andrey/www/htdocs/expert72/pki/34fa2b3d.0" -noout
29/10/2018 12:56 Called run_shell_cmd openssl x509 -subject -issuer -inform pem -in "/home/andrey/www/htdocs/expert72/pki/34fa2b3d.0" -noout -nameopt multiline
29/10/2018 12:56 Parsing certificate file /home/andrey/www/htdocs/expert72/build/ФайлыЭЦП/Ошибки/5bd6bd2ebc46f.8
29/10/2018 12:56 Called run_shell_cmd openssl x509 -subject_hash -issuer_hash -dates -fingerprint -serial -ocsp_uri -text -in "/home/andrey/www/htdocs/expert72/build/ФайлыЭЦП/Ошибки/5bd6bd2ebc46f.8" -noout
29/10/2018 12:56 Called run_shell_cmd openssl x509 -subject -issuer -inform pem -in "/home/andrey/www/htdocs/expert72/build/ФайлыЭЦП/Ошибки/5bd6bd2ebc46f.8" -noout -nameopt multiline
29/10/2018 12:56 Need certificate for hash:9e757460
29/10/2018 12:56 OCSP checking http://ocsp.72to.ru/ocsp/ocsp.srf
29/10/2018 12:56 Called run_shell_cmd openssl ocsp -issuer "/home/andrey/www/htdocs/expert72/pki/9e757460.0" -cert "/home/andrey/www/htdocs/expert72/build/ФайлыЭЦП/Ошибки/5bd6bd2ebc46f.8" -url http://ocsp.72to.ru/ocsp/ocsp.srf
29/10/2018 12:56 Called run_shell_cmd openssl x509 -subject_hash -issuer_hash -dates -fingerprint -serial -ocsp_uri -text -in "/home/andrey/www/htdocs/expert72/pki/9e757460.0" -noout
29/10/2018 12:56 Called run_shell_cmd openssl x509 -subject -issuer -inform pem -in "/home/andrey/www/htdocs/expert72/pki/9e757460.0" -noout -nameopt multiline
29/10/2018 12:56 Need certificate for hash:4db0c08c
29/10/2018 12:56 Looking for CRL file /home/andrey/www/htdocs/expert72/pki/4db0c08c.r0
29/10/2018 12:56 Called run_shell_cmd openssl x509 -subject_hash -issuer_hash -dates -fingerprint -serial -ocsp_uri -text -in "/home/andrey/www/htdocs/expert72/pki/4db0c08c.0" -noout
29/10/2018 12:56 Called run_shell_cmd openssl x509 -subject -issuer -inform pem -in "/home/andrey/www/htdocs/expert72/pki/4db0c08c.0" -noout -nameopt multiline
29/10/2018 12:56 Need certificate for hash:34fa2b3d
29/10/2018 12:56 Looking for CRL file /home/andrey/www/htdocs/expert72/pki/34fa2b3d.r0
29/10/2018 12:56 Called run_shell_cmd openssl x509 -subject_hash -issuer_hash -dates -fingerprint -serial -ocsp_uri -text -in "/home/andrey/www/htdocs/expert72/pki/34fa2b3d.0" -noout
29/10/2018 12:56 Called run_shell_cmd openssl x509 -subject -issuer -inform pem -in "/home/andrey/www/htdocs/expert72/pki/34fa2b3d.0" -noout -nameopt multiline
29/10/2018 12:56 Called run_shell_cmd openssl smime -verify -content "/home/andrey/www/htdocs/expert72/build/ФайлыЭЦП/Ошибки/Z-72-1-1-3-0068-18.pdf" -purpose any -out /dev/null -inform der -in "/home/andrey/www/htdocs/expert72/build/ФайлыЭЦП/Ошибки/Z-72-1-1-3-0068-18.pdf.der" -CApath "/home/andrey/www/htdocs/expert72/pki/"
29/10/2018 12:56 Deleting der file /home/andrey/www/htdocs/expert72/build/ФайлыЭЦП/Ошибки/Z-72-1-1-3-0068-18.pdf.der
29/10/2018 13:00 Called verifySig
29/10/2018 13:00 parseSigFile
29/10/2018 13:00 Called run_shell_cmd2 openssl pkcs7 -in "/home/andrey/www/htdocs/expert72/build/ФайлыЭЦП/Ошибки/Z-72-1-1-3-0068-18.pdf.der" -print_certs -inform DER -outform pem | awk '/BEGIN/ { i++; } /BEGIN/, /END/ { print > "/home/andrey/www/htdocs/expert72/build/ФайлыЭЦП/Ошибки/5bd6be149fff5."i }'
29/10/2018 13:00 Called run_shell_cmd openssl x509 -subject_hash -issuer_hash -in "/home/andrey/www/htdocs/expert72/build/ФайлыЭЦП/Ошибки/5bd6be149fff5.1" -noout
29/10/2018 13:00 Called run_shell_cmd openssl x509 -subject_hash -issuer_hash -in "/home/andrey/www/htdocs/expert72/build/ФайлыЭЦП/Ошибки/5bd6be149fff5.10" -noout
29/10/2018 13:00 Called run_shell_cmd openssl x509 -subject_hash -issuer_hash -in "/home/andrey/www/htdocs/expert72/build/ФайлыЭЦП/Ошибки/5bd6be149fff5.11" -noout
29/10/2018 13:00 Called run_shell_cmd openssl x509 -subject_hash -issuer_hash -in "/home/andrey/www/htdocs/expert72/build/ФайлыЭЦП/Ошибки/5bd6be149fff5.12" -noout
29/10/2018 13:00 Called run_shell_cmd openssl x509 -subject_hash -issuer_hash -in "/home/andrey/www/htdocs/expert72/build/ФайлыЭЦП/Ошибки/5bd6be149fff5.13" -noout
29/10/2018 13:00 Called run_shell_cmd openssl x509 -subject_hash -issuer_hash -in "/home/andrey/www/htdocs/expert72/build/ФайлыЭЦП/Ошибки/5bd6be149fff5.14" -noout
29/10/2018 13:00 Called run_shell_cmd openssl x509 -subject_hash -issuer_hash -in "/home/andrey/www/htdocs/expert72/build/ФайлыЭЦП/Ошибки/5bd6be149fff5.15" -noout
29/10/2018 13:00 Called run_shell_cmd openssl x509 -subject_hash -issuer_hash -in "/home/andrey/www/htdocs/expert72/build/ФайлыЭЦП/Ошибки/5bd6be149fff5.16" -noout
29/10/2018 13:00 Called run_shell_cmd openssl x509 -subject_hash -issuer_hash -in "/home/andrey/www/htdocs/expert72/build/ФайлыЭЦП/Ошибки/5bd6be149fff5.2" -noout
29/10/2018 13:00 Called run_shell_cmd openssl x509 -subject_hash -issuer_hash -in "/home/andrey/www/htdocs/expert72/build/ФайлыЭЦП/Ошибки/5bd6be149fff5.3" -noout
29/10/2018 13:00 Called run_shell_cmd openssl x509 -subject_hash -issuer_hash -in "/home/andrey/www/htdocs/expert72/build/ФайлыЭЦП/Ошибки/5bd6be149fff5.4" -noout
29/10/2018 13:00 Called run_shell_cmd openssl x509 -subject_hash -issuer_hash -in "/home/andrey/www/htdocs/expert72/build/ФайлыЭЦП/Ошибки/5bd6be149fff5.5" -noout
29/10/2018 13:00 Called run_shell_cmd openssl x509 -subject_hash -issuer_hash -in "/home/andrey/www/htdocs/expert72/build/ФайлыЭЦП/Ошибки/5bd6be149fff5.6" -noout
29/10/2018 13:00 Called run_shell_cmd openssl x509 -subject_hash -issuer_hash -in "/home/andrey/www/htdocs/expert72/build/ФайлыЭЦП/Ошибки/5bd6be149fff5.7" -noout
29/10/2018 13:00 Called run_shell_cmd openssl x509 -subject_hash -issuer_hash -in "/home/andrey/www/htdocs/expert72/build/ФайлыЭЦП/Ошибки/5bd6be149fff5.8" -noout
29/10/2018 13:00 Called run_shell_cmd openssl x509 -subject_hash -issuer_hash -in "/home/andrey/www/htdocs/expert72/build/ФайлыЭЦП/Ошибки/5bd6be149fff5.9" -noout
29/10/2018 13:00 Found signer certificates:4
29/10/2018 13:00 Called run_shell_cmd openssl cms -inform der -in "/home/andrey/www/htdocs/expert72/build/ФайлыЭЦП/Ошибки/Z-72-1-1-3-0068-18.pdf.der" -noout -cmsout -print
29/10/2018 13:00 Parsing certificate file /home/andrey/www/htdocs/expert72/build/ФайлыЭЦП/Ошибки/5bd6be149fff5.12
29/10/2018 13:00 Called run_shell_cmd openssl x509 -subject_hash -issuer_hash -dates -fingerprint -serial -ocsp_uri -text -in "/home/andrey/www/htdocs/expert72/build/ФайлыЭЦП/Ошибки/5bd6be149fff5.12" -noout
29/10/2018 13:00 Called run_shell_cmd openssl x509 -subject -issuer -inform pem -in "/home/andrey/www/htdocs/expert72/build/ФайлыЭЦП/Ошибки/5bd6be149fff5.12" -noout -nameopt multiline
29/10/2018 13:00 Need certificate for hash:9e757460
29/10/2018 13:00 OCSP checking http://ocsp.72to.ru/ocsp/ocsp.srf
29/10/2018 13:00 Called run_shell_cmd openssl ocsp -issuer "/home/andrey/www/htdocs/expert72/pki/9e757460.0" -cert "/home/andrey/www/htdocs/expert72/build/ФайлыЭЦП/Ошибки/5bd6be149fff5.12" -url http://ocsp.72to.ru/ocsp/ocsp.srf
29/10/2018 13:00 Called run_shell_cmd openssl x509 -subject_hash -issuer_hash -dates -fingerprint -serial -ocsp_uri -text -in "/home/andrey/www/htdocs/expert72/pki/9e757460.0" -noout
29/10/2018 13:00 Called run_shell_cmd openssl x509 -subject -issuer -inform pem -in "/home/andrey/www/htdocs/expert72/pki/9e757460.0" -noout -nameopt multiline
29/10/2018 13:00 Need certificate for hash:4db0c08c
29/10/2018 13:00 Looking for CRL file /home/andrey/www/htdocs/expert72/pki/4db0c08c.r0
29/10/2018 13:00 Called run_shell_cmd openssl x509 -subject_hash -issuer_hash -dates -fingerprint -serial -ocsp_uri -text -in "/home/andrey/www/htdocs/expert72/pki/4db0c08c.0" -noout
29/10/2018 13:00 Called run_shell_cmd openssl x509 -subject -issuer -inform pem -in "/home/andrey/www/htdocs/expert72/pki/4db0c08c.0" -noout -nameopt multiline
29/10/2018 13:00 Need certificate for hash:34fa2b3d
29/10/2018 13:00 Looking for CRL file /home/andrey/www/htdocs/expert72/pki/34fa2b3d.r0
29/10/2018 13:00 Called run_shell_cmd openssl x509 -subject_hash -issuer_hash -dates -fingerprint -serial -ocsp_uri -text -in "/home/andrey/www/htdocs/expert72/pki/34fa2b3d.0" -noout
29/10/2018 13:00 Called run_shell_cmd openssl x509 -subject -issuer -inform pem -in "/home/andrey/www/htdocs/expert72/pki/34fa2b3d.0" -noout -nameopt multiline
29/10/2018 13:00 Parsing certificate file /home/andrey/www/htdocs/expert72/build/ФайлыЭЦП/Ошибки/5bd6be149fff5.16
29/10/2018 13:00 Called run_shell_cmd openssl x509 -subject_hash -issuer_hash -dates -fingerprint -serial -ocsp_uri -text -in "/home/andrey/www/htdocs/expert72/build/ФайлыЭЦП/Ошибки/5bd6be149fff5.16" -noout
29/10/2018 13:00 Called run_shell_cmd openssl x509 -subject -issuer -inform pem -in "/home/andrey/www/htdocs/expert72/build/ФайлыЭЦП/Ошибки/5bd6be149fff5.16" -noout -nameopt multiline
29/10/2018 13:00 Need certificate for hash:9e757460
29/10/2018 13:00 OCSP checking http://ocsp.72to.ru/ocsp/ocsp.srf
29/10/2018 13:00 Called run_shell_cmd openssl ocsp -issuer "/home/andrey/www/htdocs/expert72/pki/9e757460.0" -cert "/home/andrey/www/htdocs/expert72/build/ФайлыЭЦП/Ошибки/5bd6be149fff5.16" -url http://ocsp.72to.ru/ocsp/ocsp.srf
29/10/2018 13:00 Called run_shell_cmd openssl x509 -subject_hash -issuer_hash -dates -fingerprint -serial -ocsp_uri -text -in "/home/andrey/www/htdocs/expert72/pki/9e757460.0" -noout
29/10/2018 13:00 Called run_shell_cmd openssl x509 -subject -issuer -inform pem -in "/home/andrey/www/htdocs/expert72/pki/9e757460.0" -noout -nameopt multiline
29/10/2018 13:00 Need certificate for hash:4db0c08c
29/10/2018 13:00 Looking for CRL file /home/andrey/www/htdocs/expert72/pki/4db0c08c.r0
29/10/2018 13:00 Called run_shell_cmd openssl x509 -subject_hash -issuer_hash -dates -fingerprint -serial -ocsp_uri -text -in "/home/andrey/www/htdocs/expert72/pki/4db0c08c.0" -noout
29/10/2018 13:00 Called run_shell_cmd openssl x509 -subject -issuer -inform pem -in "/home/andrey/www/htdocs/expert72/pki/4db0c08c.0" -noout -nameopt multiline
29/10/2018 13:00 Need certificate for hash:34fa2b3d
29/10/2018 13:00 Looking for CRL file /home/andrey/www/htdocs/expert72/pki/34fa2b3d.r0
29/10/2018 13:00 Called run_shell_cmd openssl x509 -subject_hash -issuer_hash -dates -fingerprint -serial -ocsp_uri -text -in "/home/andrey/www/htdocs/expert72/pki/34fa2b3d.0" -noout
29/10/2018 13:00 Called run_shell_cmd openssl x509 -subject -issuer -inform pem -in "/home/andrey/www/htdocs/expert72/pki/34fa2b3d.0" -noout -nameopt multiline
29/10/2018 13:00 Parsing certificate file /home/andrey/www/htdocs/expert72/build/ФайлыЭЦП/Ошибки/5bd6be149fff5.4
29/10/2018 13:00 Called run_shell_cmd openssl x509 -subject_hash -issuer_hash -dates -fingerprint -serial -ocsp_uri -text -in "/home/andrey/www/htdocs/expert72/build/ФайлыЭЦП/Ошибки/5bd6be149fff5.4" -noout
29/10/2018 13:00 Called run_shell_cmd openssl x509 -subject -issuer -inform pem -in "/home/andrey/www/htdocs/expert72/build/ФайлыЭЦП/Ошибки/5bd6be149fff5.4" -noout -nameopt multiline
29/10/2018 13:00 Need certificate for hash:9e757460
29/10/2018 13:00 OCSP checking http://ocsp.72to.ru/ocsp/ocsp.srf
29/10/2018 13:00 Called run_shell_cmd openssl ocsp -issuer "/home/andrey/www/htdocs/expert72/pki/9e757460.0" -cert "/home/andrey/www/htdocs/expert72/build/ФайлыЭЦП/Ошибки/5bd6be149fff5.4" -url http://ocsp.72to.ru/ocsp/ocsp.srf
29/10/2018 13:00 Called run_shell_cmd openssl x509 -subject_hash -issuer_hash -dates -fingerprint -serial -ocsp_uri -text -in "/home/andrey/www/htdocs/expert72/pki/9e757460.0" -noout
29/10/2018 13:00 Called run_shell_cmd openssl x509 -subject -issuer -inform pem -in "/home/andrey/www/htdocs/expert72/pki/9e757460.0" -noout -nameopt multiline
29/10/2018 13:00 Need certificate for hash:4db0c08c
29/10/2018 13:00 Looking for CRL file /home/andrey/www/htdocs/expert72/pki/4db0c08c.r0
29/10/2018 13:00 Called run_shell_cmd openssl x509 -subject_hash -issuer_hash -dates -fingerprint -serial -ocsp_uri -text -in "/home/andrey/www/htdocs/expert72/pki/4db0c08c.0" -noout
29/10/2018 13:00 Called run_shell_cmd openssl x509 -subject -issuer -inform pem -in "/home/andrey/www/htdocs/expert72/pki/4db0c08c.0" -noout -nameopt multiline
29/10/2018 13:00 Need certificate for hash:34fa2b3d
29/10/2018 13:00 Looking for CRL file /home/andrey/www/htdocs/expert72/pki/34fa2b3d.r0
29/10/2018 13:00 Called run_shell_cmd openssl x509 -subject_hash -issuer_hash -dates -fingerprint -serial -ocsp_uri -text -in "/home/andrey/www/htdocs/expert72/pki/34fa2b3d.0" -noout
29/10/2018 13:00 Called run_shell_cmd openssl x509 -subject -issuer -inform pem -in "/home/andrey/www/htdocs/expert72/pki/34fa2b3d.0" -noout -nameopt multiline
29/10/2018 13:00 Parsing certificate file /home/andrey/www/htdocs/expert72/build/ФайлыЭЦП/Ошибки/5bd6be149fff5.8
29/10/2018 13:00 Called run_shell_cmd openssl x509 -subject_hash -issuer_hash -dates -fingerprint -serial -ocsp_uri -text -in "/home/andrey/www/htdocs/expert72/build/ФайлыЭЦП/Ошибки/5bd6be149fff5.8" -noout
29/10/2018 13:00 Called run_shell_cmd openssl x509 -subject -issuer -inform pem -in "/home/andrey/www/htdocs/expert72/build/ФайлыЭЦП/Ошибки/5bd6be149fff5.8" -noout -nameopt multiline
29/10/2018 13:00 Need certificate for hash:9e757460
29/10/2018 13:00 OCSP checking http://ocsp.72to.ru/ocsp/ocsp.srf
29/10/2018 13:00 Called run_shell_cmd openssl ocsp -issuer "/home/andrey/www/htdocs/expert72/pki/9e757460.0" -cert "/home/andrey/www/htdocs/expert72/build/ФайлыЭЦП/Ошибки/5bd6be149fff5.8" -url http://ocsp.72to.ru/ocsp/ocsp.srf
29/10/2018 13:00 Called run_shell_cmd openssl x509 -subject_hash -issuer_hash -dates -fingerprint -serial -ocsp_uri -text -in "/home/andrey/www/htdocs/expert72/pki/9e757460.0" -noout
29/10/2018 13:00 Called run_shell_cmd openssl x509 -subject -issuer -inform pem -in "/home/andrey/www/htdocs/expert72/pki/9e757460.0" -noout -nameopt multiline
29/10/2018 13:00 Need certificate for hash:4db0c08c
29/10/2018 13:00 Looking for CRL file /home/andrey/www/htdocs/expert72/pki/4db0c08c.r0
29/10/2018 13:00 Called run_shell_cmd openssl x509 -subject_hash -issuer_hash -dates -fingerprint -serial -ocsp_uri -text -in "/home/andrey/www/htdocs/expert72/pki/4db0c08c.0" -noout
29/10/2018 13:00 Called run_shell_cmd openssl x509 -subject -issuer -inform pem -in "/home/andrey/www/htdocs/expert72/pki/4db0c08c.0" -noout -nameopt multiline
29/10/2018 13:00 Need certificate for hash:34fa2b3d
29/10/2018 13:00 Looking for CRL file /home/andrey/www/htdocs/expert72/pki/34fa2b3d.r0
29/10/2018 13:00 Called run_shell_cmd openssl x509 -subject_hash -issuer_hash -dates -fingerprint -serial -ocsp_uri -text -in "/home/andrey/www/htdocs/expert72/pki/34fa2b3d.0" -noout
29/10/2018 13:00 Called run_shell_cmd openssl x509 -subject -issuer -inform pem -in "/home/andrey/www/htdocs/expert72/pki/34fa2b3d.0" -noout -nameopt multiline
29/10/2018 13:00 Called run_shell_cmd openssl smime -verify -content "/home/andrey/www/htdocs/expert72/build/ФайлыЭЦП/Ошибки/Z-72-1-1-3-0068-18.pdf" -purpose any -out /dev/null -inform der -in "/home/andrey/www/htdocs/expert72/build/ФайлыЭЦП/Ошибки/Z-72-1-1-3-0068-18.pdf.der" -CApath "/home/andrey/www/htdocs/expert72/pki/"
29/10/2018 13:00 Deleting der file /home/andrey/www/htdocs/expert72/build/ФайлыЭЦП/Ошибки/Z-72-1-1-3-0068-18.pdf.der
29/10/2018 13:06 Verification failure
3074373308:error:21075075:PKCS7 routines:PKCS7_verify:certificate verify error:pk7_smime.c:342:Verify error:unable to get certificate CRL

29/10/2018 13:06 Verification error:Verification failure 3074373308:error:21075075:PKCS7 routines:PKCS7_verify:certificate verify error:pk7_smime.c:342:Verify error:unable to get certificate CRL 
29/10/2018 15:10 Unable to get certificates from bundle /home/andrey/www/htdocs/expert72/client_files/Заявление№1572/Договорные документы/Контракт/09-01-01 Утилизация ТБО 40(48).xlsx.sig
29/10/2018 15:12 Verification failure
3073500860:error:21071065:PKCS7 routines:PKCS7_signatureVerify:digest failure:pk7_doit.c:1170:
3073500860:error:21075069:PKCS7 routines:PKCS7_verify:signature failure:pk7_smime.c:410:

29/10/2018 15:12 Verification error:Verification failure 3073500860:error:21071065:PKCS7 routines:PKCS7_signatureVerify:digest failure:pk7_doit.c:1170: 3073500860:error:21075069:PKCS7 routines:PKCS7_verify:signature failure:pk7_smime.c:410: 
29/10/2018 15:12 Verification failure
3073570492:error:21071065:PKCS7 routines:PKCS7_signatureVerify:digest failure:pk7_doit.c:1170:
3073570492:error:21075069:PKCS7 routines:PKCS7_verify:signature failure:pk7_smime.c:410:

29/10/2018 15:12 Verification error:Verification failure 3073570492:error:21071065:PKCS7 routines:PKCS7_signatureVerify:digest failure:pk7_doit.c:1170: 3073570492:error:21075069:PKCS7 routines:PKCS7_verify:signature failure:pk7_smime.c:410: 
29/10/2018 17:49 Unable to get certificates from bundle /home/andrey/www/htdocs/expert72/client_files/Заявление№1573/ПД/1/5f61d4ac-af69-4b92-9c92-b9be21da32ed.sig
29/10/2018 17:53 Unable to get certificates from bundle /home/andrey/www/htdocs/expert72/client_files/Заявление№1573/ПД/15/efee7a49-fef1-49bc-9ab7-fe3565df84a2.sig
29/10/2018 17:54 Unable to get certificates from bundle /home/andrey/www/htdocs/expert72/client_files/Заявление№1573/ПД/15/f0137cae-833f-4406-a304-c5e58525e810.sig
29/10/2018 17:56 Unable to get certificates from bundle /home/andrey/www/htdocs/expert72/client_files/Заявление№1573/ПД/1/5af8aa53-5a91-4bc3-9f57-5a140c960105.sig
30/10/2018 05:22 Unable to get certificates from bundle /home/andrey/www/htdocs/expert72/client_files/Заявление№1573/ПД/2/c8630971-87e7-4118-a385-c176f9a0217f.sig
30/10/2018 05:29 Called verifySig
30/10/2018 05:29 parseSigFile
30/10/2018 05:29 Called run_shell_cmd2 openssl pkcs7 -in "/home/andrey/www/htdocs/expert72/build/ФайлыЭЦП/Ошибки/-удостоверяющий лист ИУЛ ПЗ.pdf.der" -print_certs -inform DER -outform pem | awk '/BEGIN/ { i++; } /BEGIN/, /END/ { print > "/home/andrey/www/htdocs/expert72/build/ФайлыЭЦП/Ошибки/5bd7a5e99239e."i }'
30/10/2018 05:29 Unable to get certificates from bundle /home/andrey/www/htdocs/expert72/build/ФайлыЭЦП/Ошибки/Информационно-удостоверяющий лист ИУЛ ПЗ.pdf.sig
30/10/2018 05:29 Deleting der file /home/andrey/www/htdocs/expert72/build/ФайлыЭЦП/Ошибки/-удостоверяющий лист ИУЛ ПЗ.pdf.der
30/10/2018 05:58 Unable to get certificates from bundle /home/andrey/www/htdocs/expert72/client_files/Заявление№1573/ПД/2/b206b488-0227-41cb-8af9-d577dc72a47e.sig
30/10/2018 05:59 Called verifySig
30/10/2018 05:59 parseSigFile
30/10/2018 06:00 Called verifySig
30/10/2018 06:00 parseSigFile
30/10/2018 06:04 Called verifySig
30/10/2018 06:04 parseSigFile
30/10/2018 06:04 Called run_shell_cmd2 openssl enc -d -base64 -in "/home/andrey/www/htdocs/expert72/build/ФайлыЭЦП/Ошибки/Информационно-удостоверяющий лист ИУЛ ПЗ.pdf.sig" -out "/home/andrey/www/htdocs/expert72/build/ФайлыЭЦП/Ошибки/-удостоверяющий лист ИУЛ ПЗ.pdf.der"
30/10/2018 06:04 Called run_shell_cmd2 openssl pkcs7 -in "/home/andrey/www/htdocs/expert72/build/ФайлыЭЦП/Ошибки/-удостоверяющий лист ИУЛ ПЗ.pdf.der" -print_certs -inform DER -outform pem | awk '/BEGIN/ { i++; } /BEGIN/, /END/ { print > "/home/andrey/www/htdocs/expert72/build/ФайлыЭЦП/Ошибки/5bd7ae30e75b6."i }'
30/10/2018 06:04 Found signer certificates:1
30/10/2018 06:04 Called run_shell_cmd openssl cms -inform der -in "/home/andrey/www/htdocs/expert72/build/ФайлыЭЦП/Ошибки/-удостоверяющий лист ИУЛ ПЗ.pdf.der" -noout -cmsout -print
30/10/2018 06:04 Parsing certificate file /home/andrey/www/htdocs/expert72/build/ФайлыЭЦП/Ошибки/5bd7ae30e75b6.1
30/10/2018 06:04 Called run_shell_cmd openssl x509 -subject_hash -issuer_hash -dates -fingerprint -serial -ocsp_uri -text -in "/home/andrey/www/htdocs/expert72/build/ФайлыЭЦП/Ошибки/5bd7ae30e75b6.1" -noout
30/10/2018 06:04 Called run_shell_cmd openssl x509 -subject -issuer -inform pem -in "/home/andrey/www/htdocs/expert72/build/ФайлыЭЦП/Ошибки/5bd7ae30e75b6.1" -noout -nameopt multiline
30/10/2018 06:04 Need certificate for hash:1fbee991
30/10/2018 06:04 Looking for CRL file /home/andrey/www/htdocs/expert72/pki/1fbee991.r0
30/10/2018 06:04 Trying to download new CRL file
30/10/2018 06:04 Called run_shell_cmd2 wget -O "/home/andrey/www/htdocs/expert72/pki/1fbee991.r0.der" https://uc.kadastr.ru/revoke/index/revoked3.crl
30/10/2018 06:04 Called run_shell_cmd2 openssl crl -in "/home/andrey/www/htdocs/expert72/pki/1fbee991.r0.der" -inform DER -out "/home/andrey/www/htdocs/expert72/pki/1fbee991.r0"
30/10/2018 06:04 Called run_shell_cmd openssl x509 -subject_hash -issuer_hash -dates -fingerprint -serial -ocsp_uri -text -in "/home/andrey/www/htdocs/expert72/pki/1fbee991.0" -noout
30/10/2018 06:04 Called run_shell_cmd openssl x509 -subject -issuer -inform pem -in "/home/andrey/www/htdocs/expert72/pki/1fbee991.0" -noout -nameopt multiline
30/10/2018 06:04 Need certificate for hash:34fa2b3d
30/10/2018 06:04 Looking for CRL file /home/andrey/www/htdocs/expert72/pki/34fa2b3d.r0
30/10/2018 06:04 Called run_shell_cmd openssl x509 -subject_hash -issuer_hash -dates -fingerprint -serial -ocsp_uri -text -in "/home/andrey/www/htdocs/expert72/pki/34fa2b3d.0" -noout
30/10/2018 06:04 Called run_shell_cmd openssl x509 -subject -issuer -inform pem -in "/home/andrey/www/htdocs/expert72/pki/34fa2b3d.0" -noout -nameopt multiline
30/10/2018 06:04 Called run_shell_cmd openssl smime -verify -content "/home/andrey/www/htdocs/expert72/build/ФайлыЭЦП/Ошибки/Информационно-удостоверяющий лист ИУЛ ПЗ.pdf" -purpose any -out /dev/null -inform der -in "/home/andrey/www/htdocs/expert72/build/ФайлыЭЦП/Ошибки/-удостоверяющий лист ИУЛ ПЗ.pdf.der" -CApath "/home/andrey/www/htdocs/expert72/pki/"
30/10/2018 06:04 Deleting der file /home/andrey/www/htdocs/expert72/build/ФайлыЭЦП/Ошибки/-удостоверяющий лист ИУЛ ПЗ.pdf.der
30/10/2018 06:06 Unable to get certificates from bundle /home/andrey/www/htdocs/expert72/client_files/Заявление№1573/ПД/2/d817052c-25b2-4f85-966f-a94ceee67a9e.sig
30/10/2018 06:08 Verification failure
3074188988:error:21071065:PKCS7 routines:PKCS7_signatureVerify:digest failure:pk7_doit.c:1170:
3074188988:error:21075069:PKCS7 routines:PKCS7_verify:signature failure:pk7_smime.c:410:

30/10/2018 06:08 Verification error:Verification failure 3074188988:error:21071065:PKCS7 routines:PKCS7_signatureVerify:digest failure:pk7_doit.c:1170: 3074188988:error:21075069:PKCS7 routines:PKCS7_verify:signature failure:pk7_smime.c:410: 
30/10/2018 06:09 Unable to get certificates from bundle /home/andrey/www/htdocs/expert72/client_files/Заявление№1573/ПД/2/96d62dcb-ef16-45e5-8e53-e17f26afbb43.sig
30/10/2018 06:18 Unable to get certificates from bundle /home/andrey/www/htdocs/expert72/client_files/Заявление№1573/ПД/2/5efd3d29-7e65-4ad3-b23a-ff20e1090497.sig
30/10/2018 06:20 Unable to get certificates from bundle /home/andrey/www/htdocs/expert72/client_files/Заявление№1573/ПД/2/3fbf71f9-41e8-4b0f-8c31-9f03eb627018.sig
30/10/2018 06:23 Verification failure
3074000572:error:21071065:PKCS7 routines:PKCS7_signatureVerify:digest failure:pk7_doit.c:1170:
3074000572:error:21075069:PKCS7 routines:PKCS7_verify:signature failure:pk7_smime.c:410:

30/10/2018 06:23 Verification error:Verification failure 3074000572:error:21071065:PKCS7 routines:PKCS7_signatureVerify:digest failure:pk7_doit.c:1170: 3074000572:error:21075069:PKCS7 routines:PKCS7_verify:signature failure:pk7_smime.c:410: 
30/10/2018 06:23 Unable to get certificates from bundle /home/andrey/www/htdocs/expert72/client_files/Заявление№1573/ПД/2/d65872af-d2c3-4def-add7-1113f6dfe7f0.sig
30/10/2018 06:32 Verification failure
3073963708:error:21071065:PKCS7 routines:PKCS7_signatureVerify:digest failure:pk7_doit.c:1170:
3073963708:error:21075069:PKCS7 routines:PKCS7_verify:signature failure:pk7_smime.c:410:

30/10/2018 06:32 Verification error:Verification failure 3073963708:error:21071065:PKCS7 routines:PKCS7_signatureVerify:digest failure:pk7_doit.c:1170: 3073963708:error:21075069:PKCS7 routines:PKCS7_verify:signature failure:pk7_smime.c:410: 
30/10/2018 06:32 Unable to get certificates from bundle /home/andrey/www/htdocs/expert72/client_files/Заявление№1573/ПД/2/0f8d149b-2b92-450d-a836-43c94e57e83f.sig
30/10/2018 06:33 Unable to get certificates from bundle /home/andrey/www/htdocs/expert72/client_files/Заявление№1573/ПД/3/555d7b4e-4a9d-4c09-8797-11cc058c977f.sig
30/10/2018 06:39 Unable to get certificates from bundle /home/andrey/www/htdocs/expert72/client_files/Заявление№1573/ПД/4/29e407c8-9b40-4585-b52c-7978d906ef10.sig
30/10/2018 06:42 Unable to get certificates from bundle /home/andrey/www/htdocs/expert72/client_files/Заявление№1573/ПД/4/7ec81758-03f5-49ed-a343-cce1752aa498.sig
30/10/2018 06:48 Unable to get certificates from bundle /home/andrey/www/htdocs/expert72/client_files/Заявление№1573/ПД/4/77b96851-b9c3-4f4e-8685-a8b4aa28a7eb.sig
30/10/2018 06:55 Unable to get certificates from bundle /home/andrey/www/htdocs/expert72/client_files/Заявление№1573/ПД/3/2b2ad5a8-f95f-4dff-ab76-2de3e3f873bd.sig
30/10/2018 07:00 Error querying OCSP responsder

30/10/2018 07:03 Unable to get certificates from bundle /home/andrey/www/htdocs/expert72/client_files/Заявление№1573/ПД/4/e9effd29-8a2a-46f8-8b4d-8a776db6d61d.sig
30/10/2018 07:12 Error querying OCSP responsder

30/10/2018 07:12 Verification failure
3073689276:error:21071065:PKCS7 routines:PKCS7_signatureVerify:digest failure:pk7_doit.c:1170:
3073689276:error:21075069:PKCS7 routines:PKCS7_verify:signature failure:pk7_smime.c:410:

30/10/2018 07:12 Verification error:Verification failure 3073689276:error:21071065:PKCS7 routines:PKCS7_signatureVerify:digest failure:pk7_doit.c:1170: 3073689276:error:21075069:PKCS7 routines:PKCS7_verify:signature failure:pk7_smime.c:410: 
